[0m[[0m[0mdebug[0m] [0m[0m> Exec(run, Some(6f4ed593-39da-4de7-94da-66c37fa512e8), Some(CommandSource(console0)))[0m
[0m[[0m[0mdebug[0m] [0m[0mEvaluating tasks: Compile / run[0m
[0m[[0m[0mdebug[0m] [0m[0mRunning task... Cancel: bloop.integrations.sbt.Offloader$$anon$1@792e8181, check cycles: false, forcegc: true[0m
[0m[[0m[0minfo[0m] [0m[0mcompiling 2 Scala sources to /mnt/c/Users/Ray_Zhang/Desktop/24/target/scala-2.13/classes ...[0m
[0m[[0m[31merror[0m] [0m[0m/mnt/c/Users/Ray_Zhang/Desktop/24/src/main/scala/solve.scala:3:7: BinaryOp is already defined as trait BinaryOp[0m
[0m[[0m[31merror[0m] [0m[0mtrait BinaryOp{[0m
[0m[[0m[31merror[0m] [0m[0m      ^[0m
[0m[[0m[31merror[0m] [0m[0m/mnt/c/Users/Ray_Zhang/Desktop/24/src/main/scala/solve.scala:14:7: Rational is already defined as class Rational[0m
[0m[[0m[31merror[0m] [0m[0mclass Rational (n:Int, d:Int) {[0m
[0m[[0m[31merror[0m] [0m[0m      ^[0m
[0m[[0m[31merror[0m] [0m[0m/mnt/c/Users/Ray_Zhang/Desktop/24/src/main/scala/solve.scala:44:8: Bracket is already defined as object Bracket[0m
[0m[[0m[31merror[0m] [0m[0mobject Bracket{[0m
[0m[[0m[31merror[0m] [0m[0m       ^[0m
[0m[[0m[31merror[0m] [0m[0m/mnt/c/Users/Ray_Zhang/Desktop/24/src/main/scala/solve.scala:81:8: Divide is already defined as object Divide[0m
[0m[[0m[31merror[0m] [0m[0mobject Divide  extends {val op="/"} with BinaryOp[0m
[0m[[0m[31merror[0m] [0m[0m       ^[0m
[0m[[0m[31merror[0m] [0m[0m/mnt/c/Users/Ray_Zhang/Desktop/24/src/main/scala/solve.scala:82:8: Add is already defined as object Add[0m
[0m[[0m[31merror[0m] [0m[0mobject Add  extends {val op="+"} with BinaryOp[0m
[0m[[0m[31merror[0m] [0m[0m       ^[0m
[0m[[0m[31merror[0m] [0m[0m5 errors found[0m
[0m[[0m[31merror[0m] [0m[0m(Compile / [31mcompileIncremental[0m) Compilation failed[0m
[0m[[0m[31merror[0m] [0m[0mTotal time: 1 s, completed Jun 15, 2021, 3:43:05 PM[0m
[0m[[0m[0mdebug[0m] [0m[0m> Exec(shell, None, None)[0m
[0m[[0m[0mdebug[0m] [0m[0mForcing garbage collection...[0m
